<?xml version="1.0" encoding="UTF-8"?>
<!-- Generated by org.testng.reporters.JUnitReportReporter -->
<testsuite hostname="Nice" failures="0" tests="1" name="testcases.Testallpages" time="42.461" errors="0" timestamp="2023-03-31T22:11:19 BDT" skipped="0">
  <testcase classname="testcases.Testallpages" name="TestPages" time="42.461"/>
  <system-out/>
</testsuite> <!-- testcases.Testallpages -->
